<?xml version="1.0" encoding="UTF-8"?>
<!-- Generated by org.testng.reporters.JUnitReportReporter -->
<testsuite hostname="DESKTOP-VTBT3RG" failures="0" tests="2" name="Testcase.Makemytrip" time="24.508" errors="0" timestamp="2024-03-31T16:50:45 IST" skipped="0">
  <testcase classname="Testcase.Makemytrip" name="validSearch" time="10.607"/>
  <testcase classname="Testcase.Makemytrip" name="validSearch" time="13.901"/>
</testsuite> <!-- Testcase.Makemytrip -->
