<?xml version="1.0" encoding="UTF-8"?>
<!-- Generated by org.testng.reporters.JUnitReportReporter -->
<testsuite hostname="DESKTOP-VTBT3RG" failures="0" tests="3" name="TestNgBasics.FirstTestNg" time="0.013" errors="0" timestamp="2024-03-17T17:00:35 IST" skipped="0">
  <testcase classname="TestNgBasics.FirstTestNg" name="Testcase2" time="0.003"/>
  <testcase classname="TestNgBasics.FirstTestNg" name="Testcase3" time="0.004"/>
  <testcase classname="TestNgBasics.FirstTestNg" name="Testcase1" time="0.006"/>
</testsuite> <!-- TestNgBasics.FirstTestNg -->
