<?xml version="1.0" encoding="UTF-8"?>
<!-- Generated by org.testng.reporters.JUnitReportReporter -->
<testsuite hostname="DESKTOP-VTBT3RG" failures="0" tests="1" name="BasicsOfSelenium.TableConcepts" time="19.695" errors="0" timestamp="2024-03-17T16:40:13 IST" skipped="0">
  <testcase classname="BasicsOfSelenium.TableConcepts" name="tableImplementation" time="19.695"/>
</testsuite> <!-- BasicsOfSelenium.TableConcepts -->
