<?xml version="1.0" encoding="UTF-8"?>
<!-- Generated by org.testng.reporters.JUnitReportReporter -->
<testsuite hostname="DESKTOP-VTBT3RG" failures="0" tests="1" name="TestNgBasics.SecondTestNG" time="0.009" errors="0" timestamp="2024-03-17T17:00:35 IST" skipped="0">
  <testcase classname="TestNgBasics.SecondTestNG" name="Testcase4" time="0.009"/>
</testsuite> <!-- TestNgBasics.SecondTestNG -->
