<?xml version="1.0" encoding="UTF-8"?>
<!-- Generated by org.testng.reporters.JUnitReportReporter -->
<testsuite hostname="DESKTOP-VTBT3RG" failures="0" tests="5" name="Testcase.Makemytrip" time="43.072" errors="0" timestamp="2024-03-31T16:31:22 IST" skipped="0">
  <testcase classname="Testcase.Makemytrip" name="validSearch" time="10.421"/>
  <testcase classname="Testcase.Makemytrip" name="validSearch" time="15.299"/>
  <testcase classname="Testcase.Makemytrip" name="SameCityValidation" time="5.697"/>
  <testcase classname="Testcase.Makemytrip" name="SameCityValidation" time="5.830"/>
  <testcase classname="Testcase.Makemytrip" name="SameCityValidation" time="5.825"/>
</testsuite> <!-- Testcase.Makemytrip -->
